2020-04-25 17:59:15 [scrapy.core.scraper] ERROR: Spider error processing <GET http://www.xbiquge.la/fenlei/1_481.html> (referer: http://www.xbiquge.la/fenlei/1_1.html)
Traceback (most recent call last):
  File "/var/sw/anaconda3/envs/spider/lib/python3.6/site-packages/scrapy/utils/defer.py", line 102, in iter_errback
    yield next(it)
  File "/var/sw/anaconda3/envs/spider/lib/python3.6/site-packages/scrapy/core/spidermw.py", line 84, in evaluate_iterable
    for r in iterable:
  File "/var/sw/anaconda3/envs/spider/lib/python3.6/site-packages/scrapy/spidermiddlewares/offsite.py", line 29, in process_spider_output
    for x in result:
  File "/var/sw/anaconda3/envs/spider/lib/python3.6/site-packages/scrapy/core/spidermw.py", line 84, in evaluate_iterable
    for r in iterable:
  File "/var/sw/anaconda3/envs/spider/lib/python3.6/site-packages/scrapy/spidermiddlewares/referer.py", line 339, in <genexpr>
    return (_set_referer(r) for r in result or ())
  File "/var/sw/anaconda3/envs/spider/lib/python3.6/site-packages/scrapy/core/spidermw.py", line 84, in evaluate_iterable
    for r in iterable:
  File "/var/sw/anaconda3/envs/spider/lib/python3.6/site-packages/scrapy/spidermiddlewares/urllength.py", line 37, in <genexpr>
    return (r for r in result or () if _filter(r))
  File "/var/sw/anaconda3/envs/spider/lib/python3.6/site-packages/scrapy/core/spidermw.py", line 84, in evaluate_iterable
    for r in iterable:
  File "/var/sw/anaconda3/envs/spider/lib/python3.6/site-packages/scrapy/spidermiddlewares/depth.py", line 58, in <genexpr>
    return (r for r in result or () if _filter(r))
  File "/var/sw/anaconda3/envs/spider/lib/python3.6/site-packages/scrapy/spiders/crawl.py", line 108, in _parse_response
    for requests_or_item in iterate_spider_output(cb_res):
  File "/home/tlxy/桌面/总项目/BQG/BQG/spiders/bqg.py", line 32, in parse_item
    new_chapter = ood.xpath('./span[2]/a/text()').extract()[0]
IndexError: list index out of range
2020-04-25 18:44:54 [scrapy.core.scraper] ERROR: Spider error processing <GET http://www.xbiquge.la/fenlei/1_481.html> (referer: http://www.xbiquge.la/fenlei/1_1.html)
Traceback (most recent call last):
  File "/var/sw/anaconda3/envs/spider/lib/python3.6/site-packages/scrapy/utils/defer.py", line 102, in iter_errback
    yield next(it)
  File "/var/sw/anaconda3/envs/spider/lib/python3.6/site-packages/scrapy/core/spidermw.py", line 84, in evaluate_iterable
    for r in iterable:
  File "/var/sw/anaconda3/envs/spider/lib/python3.6/site-packages/scrapy/spidermiddlewares/offsite.py", line 29, in process_spider_output
    for x in result:
  File "/var/sw/anaconda3/envs/spider/lib/python3.6/site-packages/scrapy/core/spidermw.py", line 84, in evaluate_iterable
    for r in iterable:
  File "/var/sw/anaconda3/envs/spider/lib/python3.6/site-packages/scrapy/spidermiddlewares/referer.py", line 339, in <genexpr>
    return (_set_referer(r) for r in result or ())
  File "/var/sw/anaconda3/envs/spider/lib/python3.6/site-packages/scrapy/core/spidermw.py", line 84, in evaluate_iterable
    for r in iterable:
  File "/var/sw/anaconda3/envs/spider/lib/python3.6/site-packages/scrapy/spidermiddlewares/urllength.py", line 37, in <genexpr>
    return (r for r in result or () if _filter(r))
  File "/var/sw/anaconda3/envs/spider/lib/python3.6/site-packages/scrapy/core/spidermw.py", line 84, in evaluate_iterable
    for r in iterable:
  File "/var/sw/anaconda3/envs/spider/lib/python3.6/site-packages/scrapy/spidermiddlewares/depth.py", line 58, in <genexpr>
    return (r for r in result or () if _filter(r))
  File "/var/sw/anaconda3/envs/spider/lib/python3.6/site-packages/scrapy/spiders/crawl.py", line 108, in _parse_response
    for requests_or_item in iterate_spider_output(cb_res):
  File "/home/tlxy/桌面/总项目/BQG/BQG/spiders/bqg.py", line 32, in parse_item
    new_chapter = ood.xpath('./span[2]/a/text()').extract()[0]
IndexError: list index out of range
2020-04-25 18:47:25 [scrapy.core.scraper] ERROR: Spider error processing <GET http://www.xbiquge.la/fenlei/1_481.html> (referer: http://www.xbiquge.la/fenlei/1_1.html)
Traceback (most recent call last):
  File "/var/sw/anaconda3/envs/spider/lib/python3.6/site-packages/scrapy/utils/defer.py", line 102, in iter_errback
    yield next(it)
  File "/var/sw/anaconda3/envs/spider/lib/python3.6/site-packages/scrapy/core/spidermw.py", line 84, in evaluate_iterable
    for r in iterable:
  File "/var/sw/anaconda3/envs/spider/lib/python3.6/site-packages/scrapy/spidermiddlewares/offsite.py", line 29, in process_spider_output
    for x in result:
  File "/var/sw/anaconda3/envs/spider/lib/python3.6/site-packages/scrapy/core/spidermw.py", line 84, in evaluate_iterable
    for r in iterable:
  File "/var/sw/anaconda3/envs/spider/lib/python3.6/site-packages/scrapy/spidermiddlewares/referer.py", line 339, in <genexpr>
    return (_set_referer(r) for r in result or ())
  File "/var/sw/anaconda3/envs/spider/lib/python3.6/site-packages/scrapy/core/spidermw.py", line 84, in evaluate_iterable
    for r in iterable:
  File "/var/sw/anaconda3/envs/spider/lib/python3.6/site-packages/scrapy/spidermiddlewares/urllength.py", line 37, in <genexpr>
    return (r for r in result or () if _filter(r))
  File "/var/sw/anaconda3/envs/spider/lib/python3.6/site-packages/scrapy/core/spidermw.py", line 84, in evaluate_iterable
    for r in iterable:
  File "/var/sw/anaconda3/envs/spider/lib/python3.6/site-packages/scrapy/spidermiddlewares/depth.py", line 58, in <genexpr>
    return (r for r in result or () if _filter(r))
  File "/var/sw/anaconda3/envs/spider/lib/python3.6/site-packages/scrapy/spiders/crawl.py", line 108, in _parse_response
    for requests_or_item in iterate_spider_output(cb_res):
  File "/home/tlxy/桌面/总项目/BQG/BQG/spiders/bqg.py", line 32, in parse_item
    new_chapter = ood.xpath('./span[2]/a/text()').extract()[0]
IndexError: list index out of range
